DressupAndroid/app/build/intermediates/manifest_merge_blame_file/debug/manifest-merger-blame-debug-report.txt
1<?xml version="1.0" encoding="utf-8"?>
2<manifest xmlns:android="http://schemas.android.com/apk/res/android"
3    package="cn.dreamfruits.yaoguo"
4    android:versionCode="1"
5    android:versionName="1.0" >
6
7    <uses-sdk
8        android:minSdkVersion="22"
8-->src/main/AndroidManifest.xml
9        android:targetSdkVersion="33" />
9-->src/main/AndroidManifest.xml
10    <!-- 通知权限 -->
11    <uses-permission android:name="android.permission.ACCESS_NOTIFICATION_POLICY" />
11-->src/main/AndroidManifest.xml:6:5-85
11-->src/main/AndroidManifest.xml:6:22-82
12    <uses-permission android:name="android.permission.READ_CONTACTS" />
12-->src/main/AndroidManifest.xml:7:5-72
12-->src/main/AndroidManifest.xml:7:22-69
13    <uses-permission android:name="android.permission.READ_MEDIA_IMAGES" />
13-->src/main/AndroidManifest.xml:8:5-76
13-->src/main/AndroidManifest.xml:8:22-73
14    <uses-permission android:name="android.permission.READ_MEDIA_VIDEO" />
14-->src/main/AndroidManifest.xml:9:5-75
14-->src/main/AndroidManifest.xml:9:22-72
15    <uses-permission android:name="android.permission.READ_MEDIA_AUDIO" />
15-->src/main/AndroidManifest.xml:10:5-75
15-->src/main/AndroidManifest.xml:10:22-72
16    <uses-permission android:name="android.permission.READ_MEDIA_AUDIO" />
16-->src/main/AndroidManifest.xml:10:5-75
16-->src/main/AndroidManifest.xml:10:22-72
17    <uses-permission android:name="android.permission.CAMERA" />
17-->src/main/AndroidManifest.xml:12:5-65
17-->src/main/AndroidManifest.xml:12:22-62
18    <uses-permission android:name="android.permission.InputMethod" /> <!-- 键盘权限 -->
18-->src/main/AndroidManifest.xml:14:5-70
18-->src/main/AndroidManifest.xml:14:22-67
19    <uses-permission android:name="android.permission.INTERNET" />
19-->src/main/AndroidManifest.xml:15:5-67
19-->src/main/AndroidManifest.xml:15:22-64
20    <uses-permission android:name="android.permission.ACCESS_NETWORK_STATE" />
20-->src/main/AndroidManifest.xml:16:5-79
20-->src/main/AndroidManifest.xml:16:22-76
21    <uses-permission android:name="android.permission.WRITE_EXTERNAL_STORAGE" />
21-->src/main/AndroidManifest.xml:17:5-81
21-->src/main/AndroidManifest.xml:17:22-78
22    <uses-permission android:name="android.permission.READ_EXTERNAL_STORAGE" />
22-->src/main/AndroidManifest.xml:18:5-80
22-->src/main/AndroidManifest.xml:18:22-77
23    <uses-permission android:name="android.permission.ACCESS_WIFI_STATE" /> <!-- 检查Wi-Fi网络状态 -->
23-->src/main/AndroidManifest.xml:19:5-76
23-->src/main/AndroidManifest.xml:19:22-73
24    <uses-permission android:name="android.permission.CHANGE_NETWORK_STATE" /> <!-- 切换网络通道 -->
24-->src/main/AndroidManifest.xml:20:5-79
24-->src/main/AndroidManifest.xml:20:22-76
25    <uses-permission android:name="android.permission.CHANGE_WIFI_STATE" /> <!-- 开关Wi-Fi状态，解决中国内地机型移动网络权限问题需要 -->
25-->src/main/AndroidManifest.xml:21:5-76
25-->src/main/AndroidManifest.xml:21:22-73
26    <!-- 图片选择器 所需权限 -->
27    <uses-permission android:name="android.permission.WRITE_MEDIA_STORAGE" />
27-->src/main/AndroidManifest.xml:23:5-25:47
27-->src/main/AndroidManifest.xml:24:9-62
28    <uses-permission android:name="android.permission.WRITE_SETTINGS" />
28-->src/main/AndroidManifest.xml:26:5-73
28-->src/main/AndroidManifest.xml:26:22-70
29    <uses-permission android:name="android.permission.MODIFY_AUDIO_SETTINGS" />
29-->src/main/AndroidManifest.xml:27:5-80
29-->src/main/AndroidManifest.xml:27:22-77
30    <uses-permission android:name="android.permission.MANAGE_EXTERNAL_STORAGE" />
30-->src/main/AndroidManifest.xml:28:5-82
30-->src/main/AndroidManifest.xml:28:22-79
31    <uses-permission android:name="android.permission.FOREGROUND_SERVICE" />
31-->src/main/AndroidManifest.xml:29:5-77
31-->src/main/AndroidManifest.xml:29:22-74
32    <uses-permission android:name="android.permission.RECORD_AUDIO" />
32-->src/main/AndroidManifest.xml:30:5-71
32-->src/main/AndroidManifest.xml:30:22-68
33    <uses-permission android:name="android.permission.CAMERA" />
33-->src/main/AndroidManifest.xml:12:5-65
33-->src/main/AndroidManifest.xml:12:22-62
34    <uses-permission android:name="android.permission.VIBRATE" />
34-->src/main/AndroidManifest.xml:32:5-66
34-->src/main/AndroidManifest.xml:32:22-63
35    <uses-permission android:name="android.permission.BLUETOOTH" /> <!-- end -->
35-->src/main/AndroidManifest.xml:33:5-68
35-->src/main/AndroidManifest.xml:33:22-65
36    <!-- 允许获取精确位置，精准定位必选 -->
37    <uses-permission android:name="android.permission.ACCESS_FINE_LOCATION" /> <!-- 允许获取粗略位置，粗略定位必选 -->
37-->src/main/AndroidManifest.xml:35:5-79
37-->src/main/AndroidManifest.xml:35:22-76
38    <uses-permission android:name="android.permission.ACCESS_COARSE_LOCATION" /> <!-- 允许获取设备和运营商信息，用于问题排查和网络定位（无gps情况下的定位），若需网络定位功能则必选 -->
38-->src/main/AndroidManifest.xml:36:5-81
38-->src/main/AndroidManifest.xml:36:22-78
39    <uses-permission android:name="android.permission.READ_PHONE_STATE" /> <!-- 允许获取网络状态，用于网络定位（无gps情况下的定位），若需网络定位功能则必选 -->
39-->src/main/AndroidManifest.xml:37:5-75
39-->src/main/AndroidManifest.xml:37:22-72
40    <uses-permission android:name="android.permission.ACCESS_NETWORK_STATE" /> <!-- 允许获取wifi网络信息，用于网络定位（无gps情况下的定位），若需网络定位功能则必选 -->
40-->src/main/AndroidManifest.xml:16:5-79
40-->src/main/AndroidManifest.xml:16:22-76
41    <uses-permission android:name="android.permission.ACCESS_WIFI_STATE" /> <!-- 允许获取wifi状态改变，用于网络定位（无gps情况下的定位），若需网络定位功能则必选 -->
41-->src/main/AndroidManifest.xml:19:5-76
41-->src/main/AndroidManifest.xml:19:22-73
42    <uses-permission android:name="android.permission.CHANGE_WIFI_STATE" /> <!-- 用于申请调用A-GPS模块,卫星定位加速 -->
42-->src/main/AndroidManifest.xml:21:5-76
42-->src/main/AndroidManifest.xml:21:22-73
43    <uses-permission android:name="android.permission.ACCESS_LOCATION_EXTRA_COMMANDS" /> <!-- 图片视频下载需要 -->
43-->src/main/AndroidManifest.xml:41:5-89
43-->src/main/AndroidManifest.xml:41:22-86
44    <uses-permission android:name="android.permission.READ_SETTINGS" />
44-->src/main/AndroidManifest.xml:42:5-72
44-->src/main/AndroidManifest.xml:42:22-69
45    <uses-permission android:name="android.permission.MOUNT_UNMOUNT_FILESYSTEMS" />
45-->src/main/AndroidManifest.xml:43:5-45:47
45-->src/main/AndroidManifest.xml:44:9-68
46    <uses-permission android:name="android.permission.DOWNLOAD_WITHOUT_NOTIFICATION" />
46-->src/main/AndroidManifest.xml:46:5-88
46-->src/main/AndroidManifest.xml:46:22-85
47    <uses-permission android:name="android.permission.ACCESS_DOWNLOAD_MANAGER" /> <!-- 包可见性 -->
47-->src/main/AndroidManifest.xml:47:5-82
47-->src/main/AndroidManifest.xml:47:22-79
48
49
50    <!-- 推送相关配置 -->
51    <!-- ********OPPO 推送 start******** -->
52    <uses-permission android:name="com.coloros.mcs.permission.RECIEVE_MCS_MESSAGE" />
52-->src/main/AndroidManifest.xml:52:5-86
52-->src/main/AndroidManifest.xml:52:22-83
53    <uses-permission android:name="com.heytap.mcs.permission.RECIEVE_MCS_MESSAGE" />
53-->src/main/AndroidManifest.xml:53:5-85
53-->src/main/AndroidManifest.xml:53:22-82
54    <!-- ********OPPO 推送 end******** -->
55
56
57    <!-- ********华为推送权限设置******** -->
58    <uses-permission android:name="com.huawei.android.launcher.permission.CHANGE_BADGE" />
58-->src/main/AndroidManifest.xml:57:5-91
58-->src/main/AndroidManifest.xml:57:22-88
59
60    <!-- ********小米推送权限设置******** -->
61    <permission
62        android:name="cn.dreamfruits.yaoguo.permission.MIPUSH_RECEIVE"
62-->src/main/AndroidManifest.xml:61:9-66
63        android:protectionLevel="signature" />
63-->src/main/AndroidManifest.xml:62:9-44
64
65    <uses-permission android:name="cn.dreamfruits.yaoguo.permission.MIPUSH_RECEIVE" />
65-->src/main/AndroidManifest.xml:64:22-79
66
67    <!-- ********魅族推送权限设置******** -->
68    <!-- 兼容flyme5.0以下版本，魅族内部集成pushSDK必填，不然无法收到消息 -->
69    <uses-permission android:name="com.meizu.flyme.push.permission.RECEIVE" />
69-->src/main/AndroidManifest.xml:68:5-79
69-->src/main/AndroidManifest.xml:68:22-76
70
71    <permission
72        android:name="cn.dreamfruits.yaoguo.push.permission.MESSAGE"
72-->src/main/AndroidManifest.xml:71:9-64
73        android:protectionLevel="signature" />
73-->src/main/AndroidManifest.xml:72:9-44
74
75    <uses-permission android:name="cn.dreamfruits.yaoguo.push.permission.MESSAGE" />
75-->src/main/AndroidManifest.xml:74:22-77
76
77    <!-- 兼容flyme3.0配置权限 -->
78    <uses-permission android:name="com.meizu.c2dm.permission.RECEIVE" />
78-->src/main/AndroidManifest.xml:77:5-73
78-->src/main/AndroidManifest.xml:77:22-70
79
80    <permission
81        android:name="cn.dreamfruits.yaoguo.permission.C2D_MESSAGE"
81-->src/main/AndroidManifest.xml:80:9-63
82        android:protectionLevel="signature" />
82-->src/main/AndroidManifest.xml:81:9-44
83
84    <uses-permission android:name="cn.dreamfruits.yaoguo.permission.C2D_MESSAGE" />
84-->src/main/AndroidManifest.xml:83:22-76
85
86    <queries>
86-->src/main/AndroidManifest.xml:86:5-99:15
87        <package android:name="com.tencent.mm" />
87-->src/main/AndroidManifest.xml:87:9-50
87-->src/main/AndroidManifest.xml:87:18-47
88        <package android:name="com.tencent.mobileqq" />
88-->src/main/AndroidManifest.xml:88:9-56
88-->src/main/AndroidManifest.xml:88:18-53
89        <package android:name="com.tencent.tim" />
89-->src/main/AndroidManifest.xml:89:9-51
89-->src/main/AndroidManifest.xml:89:18-48
90        <package android:name="com.tencent.qqlite" />
90-->src/main/AndroidManifest.xml:90:9-54
90-->src/main/AndroidManifest.xml:90:18-51
91
92        <!-- Android 11 使用相机 -->
93        <intent>
93-->src/main/AndroidManifest.xml:93:9-95:18
94            <action android:name="android.media.action.IMAGE_CAPTURE" />
94-->src/main/AndroidManifest.xml:94:13-73
94-->src/main/AndroidManifest.xml:94:21-70
95        </intent>
96        <intent>
96-->src/main/AndroidManifest.xml:96:9-98:18
97            <action android:name="android.media.action.ACTION_VIDEO_CAPTURE" />
97-->src/main/AndroidManifest.xml:97:13-80
97-->src/main/AndroidManifest.xml:97:21-77
98        </intent>
99        <intent>
99-->[com.blankj:utilcodex:1.31.1] AndroidManifest.xml:10:9-12:18
100            <action android:name="android.intent.action.MAIN" />
100-->src/main/AndroidManifest.xml:207:17-69
100-->src/main/AndroidManifest.xml:207:25-66
101        </intent>
102        <intent>
102-->[com.blankj:utilcodex:1.31.1] AndroidManifest.xml:13:9-15:18
103            <action android:name="android.intent.action.VIEW" />
103-->[:sociallib] AndroidManifest.xml:34:17-69
103-->[:sociallib] AndroidManifest.xml:34:25-66
104        </intent>
105        <intent>
105-->[com.tencent.tpns:honor:1.3.3.3-release] AndroidManifest.xml:16:9-18:18
106            <action android:name="com.hihonor.push.action.BIND_PUSH_SERVICE" />
106-->[com.tencent.tpns:honor:1.3.3.3-release] AndroidManifest.xml:17:13-80
106-->[com.tencent.tpns:honor:1.3.3.3-release] AndroidManifest.xml:17:21-77
107        </intent>
108        <intent>
108-->[com.huawei.hms:device:6.8.0.300] AndroidManifest.xml:15:9-17:18
109            <action android:name="com.huawei.hms.core.aidlservice" />
109-->[com.huawei.hms:device:6.8.0.300] AndroidManifest.xml:16:13-70
109-->[com.huawei.hms:device:6.8.0.300] AndroidManifest.xml:16:21-67
110        </intent>
111        <intent>
111-->[com.huawei.hms:device:6.8.0.300] AndroidManifest.xml:18:9-20:18
112            <action android:name="com.huawei.hms.core" />
112-->[com.huawei.hms:device:6.8.0.300] AndroidManifest.xml:19:13-58
112-->[com.huawei.hms:device:6.8.0.300] AndroidManifest.xml:19:21-55
113        </intent>
114    </queries>
115    <!--
116         Have developers add this. We don't want AUDIO permission to be auto-added to
117         apps that just want to take pictures.
118    -->
119    <!-- uses-permission android:name="android.permission.RECORD_AUDIO" / -->
120    <uses-feature
120-->[com.otaliastudios:cameraview:2.7.2] AndroidManifest.xml:19:5-21:36
121        android:name="android.hardware.camera"
121-->[com.otaliastudios:cameraview:2.7.2] AndroidManifest.xml:20:9-47
122        android:required="false" />
122-->[com.otaliastudios:cameraview:2.7.2] AndroidManifest.xml:21:9-33
123    <uses-feature
123-->[com.otaliastudios:cameraview:2.7.2] AndroidManifest.xml:22:5-24:36
124        android:name="android.hardware.camera.autofocus"
124-->[com.otaliastudios:cameraview:2.7.2] AndroidManifest.xml:23:9-57
125        android:required="false" />
125-->[com.otaliastudios:cameraview:2.7.2] AndroidManifest.xml:24:9-33
126    <uses-feature
126-->[com.otaliastudios:cameraview:2.7.2] AndroidManifest.xml:25:5-27:36
127        android:name="android.hardware.camera.front"
127-->[com.otaliastudios:cameraview:2.7.2] AndroidManifest.xml:26:9-53
128        android:required="false" />
128-->[com.otaliastudios:cameraview:2.7.2] AndroidManifest.xml:27:9-33
129    <uses-feature
129-->[com.otaliastudios:cameraview:2.7.2] AndroidManifest.xml:28:5-30:36
130        android:name="android.hardware.microphone"
130-->[com.otaliastudios:cameraview:2.7.2] AndroidManifest.xml:29:9-51
131        android:required="false" />
131-->[com.otaliastudios:cameraview:2.7.2] AndroidManifest.xml:30:9-33
132
133    <uses-permission android:name="android.permission.FLASHLIGHT" />
133-->[:zrqrcode] AndroidManifest.xml:9:5-69
133-->[:zrqrcode] AndroidManifest.xml:9:22-66
134    <uses-permission android:name="android.permission.POST_NOTIFICATIONS" />
134-->[com.google.firebase:firebase-messaging:23.1.2] AndroidManifest.xml:25:5-77
134-->[com.google.firebase:firebase-messaging:23.1.2] AndroidManifest.xml:25:22-74
135    <uses-permission android:name="android.permission.WAKE_LOCK" /> <!-- Required by older versions of Google Play services to create IID tokens -->
135-->[com.google.firebase:firebase-messaging:23.1.2] AndroidManifest.xml:26:5-68
135-->[com.google.firebase:firebase-messaging:23.1.2] AndroidManifest.xml:26:22-65
136    <uses-permission android:name="com.google.android.c2dm.permission.RECEIVE" />
136-->[com.google.firebase:firebase-messaging:23.1.2] AndroidManifest.xml:28:5-82
136-->[com.google.firebase:firebase-messaging:23.1.2] AndroidManifest.xml:28:22-79
137    <uses-permission android:name="android.permission.SYSTEM_ALERT_WINDOW" />
137-->[:VideoPlayer] AndroidManifest.xml:10:5-78
137-->[:VideoPlayer] AndroidManifest.xml:10:22-75
138    <uses-permission android:name="android.permission.CHANGE_WIFI_MULTICAST_STATE" />
138-->[:VideoPlayer] AndroidManifest.xml:20:5-86
138-->[:VideoPlayer] AndroidManifest.xml:20:22-83
139
140    <uses-feature android:glEsVersion="0x00030000" />
140-->[:unityLibrary] AndroidManifest.xml:10:5-54
140-->[:unityLibrary] AndroidManifest.xml:10:19-51
141    <uses-feature
141-->[:unityLibrary] AndroidManifest.xml:11:5-13:36
142        android:name="android.hardware.vulkan.version"
142-->[:unityLibrary] AndroidManifest.xml:12:9-55
143        android:required="false" />
143-->[:unityLibrary] AndroidManifest.xml:13:9-33
144    <uses-feature
144-->[:unityLibrary] AndroidManifest.xml:14:5-16:36
145        android:name="android.hardware.touchscreen"
145-->[:unityLibrary] AndroidManifest.xml:15:9-52
146        android:required="false" />
146-->[:unityLibrary] AndroidManifest.xml:16:9-33
147    <uses-feature
147-->[:unityLibrary] AndroidManifest.xml:17:5-19:36
148        android:name="android.hardware.touchscreen.multitouch"
148-->[:unityLibrary] AndroidManifest.xml:18:9-63
149        android:required="false" />
149-->[:unityLibrary] AndroidManifest.xml:19:9-33
150    <uses-feature
150-->[:unityLibrary] AndroidManifest.xml:20:5-22:36
151        android:name="android.hardware.touchscreen.multitouch.distinct"
151-->[:unityLibrary] AndroidManifest.xml:21:9-72
152        android:required="false" /> <!-- version 4.1.0 -->
152-->[:unityLibrary] AndroidManifest.xml:22:9-33
153    <uses-permission android:name="com.meizu.flyme.permission.PUSH" />
153-->[com.tencent.tpns:meizu:1.3.3.3-release] AndroidManifest.xml:9:5-71
153-->[com.tencent.tpns:meizu:1.3.3.3-release] AndroidManifest.xml:9:22-68
154
155    <permission
155-->[com.huawei.hms:push:6.10.0.300] AndroidManifest.xml:9:5-11:47
156        android:name="cn.dreamfruits.yaoguo.permission.PROCESS_PUSH_MSG"
156-->[com.huawei.hms:push:6.10.0.300] AndroidManifest.xml:10:9-68
157        android:protectionLevel="signature" /> <!-- PUSH_PROVIDER and PUSH_WRITE_PROVIDER are both provider registered permissions for the notification switch. -->
157-->[com.huawei.hms:push:6.10.0.300] AndroidManifest.xml:11:9-44
158    <!-- The SDK's notification bar switch, EMUI 9.x becomes write to the local sp, sharing the file through the provider to the push-rom, which reads the sp file to get the status of the notification bar switch. -->
159    <permission
159-->[com.huawei.hms:push:6.10.0.300] AndroidManifest.xml:14:5-16:47
160        android:name="cn.dreamfruits.yaoguo.permission.PUSH_PROVIDER"
160-->[com.huawei.hms:push:6.10.0.300] AndroidManifest.xml:15:9-65
161        android:protectionLevel="signature" />
161-->[com.huawei.hms:push:6.10.0.300] AndroidManifest.xml:16:9-44
162    <permission
162-->[com.huawei.hms:push:6.10.0.300] AndroidManifest.xml:17:5-19:47
163        android:name="cn.dreamfruits.yaoguo.permission.PUSH_WRITE_PROVIDER"
163-->[com.huawei.hms:push:6.10.0.300] AndroidManifest.xml:18:9-71
164        android:protectionLevel="signature" />
164-->[com.huawei.hms:push:6.10.0.300] AndroidManifest.xml:19:9-44
165
166    <uses-permission android:name="cn.dreamfruits.yaoguo.permission.PROCESS_PUSH_MSG" />
166-->[com.huawei.hms:push:6.10.0.300] AndroidManifest.xml:21:5-84
166-->[com.huawei.hms:push:6.10.0.300] AndroidManifest.xml:21:22-81
167    <uses-permission android:name="cn.dreamfruits.yaoguo.permission.PUSH_PROVIDER" />
167-->[com.huawei.hms:push:6.10.0.300] AndroidManifest.xml:22:5-81
167-->[com.huawei.hms:push:6.10.0.300] AndroidManifest.xml:22:22-78
168
169    <permission
169-->[com.tencent.tpns:honor:1.3.3.3-release] AndroidManifest.xml:9:5-11:55
170        android:name="cn.dreamfruits.yaoguo.hihonor.permission.PROCESS_PUSH_MSG"
170-->[com.tencent.tpns:honor:1.3.3.3-release] AndroidManifest.xml:10:9-76
171        android:protectionLevel="signatureOrSystem" />
171-->[com.tencent.tpns:honor:1.3.3.3-release] AndroidManifest.xml:11:9-52
172
173    <uses-permission android:name="com.hihonor.push.permission.READ_PUSH_NOTIFICATION_INFO" />
173-->[com.tencent.tpns:honor:1.3.3.3-release] AndroidManifest.xml:13:5-95
173-->[com.tencent.tpns:honor:1.3.3.3-release] AndroidManifest.xml:13:22-92
174
175    <application
175-->src/main/AndroidManifest.xml:101:5-610:19
176        android:name="cn.dreamfruits.yaoguo.application.MainApp"
176-->src/main/AndroidManifest.xml:102:9-44
177        android:allowBackup="true"
177-->src/main/AndroidManifest.xml:103:9-35
178        android:appComponentFactory="androidx.core.app.CoreComponentFactory"
178-->[androidx.core:core:1.7.0] AndroidManifest.xml:24:18-86
179        android:debuggable="true"
180        android:extractNativeLibs="true"
180-->[:unityLibrary] AndroidManifest.xml:24:18-50
181        android:icon="@mipmap/ic_launcher"
181-->src/main/AndroidManifest.xml:104:9-43
182        android:label="@string/app_name"
182-->src/main/AndroidManifest.xml:105:9-41
183        android:requestLegacyExternalStorage="true"
183-->src/main/AndroidManifest.xml:106:9-52
184        android:supportsRtl="true"
184-->src/main/AndroidManifest.xml:107:9-35
185        android:testOnly="true"
186        android:theme="@style/AppTheme"
186-->src/main/AndroidManifest.xml:108:9-40
187        android:usesCleartextTraffic="true" >
187-->src/main/AndroidManifest.xml:109:9-44
188        <activity
188-->src/main/AndroidManifest.xml:113:9-116:52
189            android:name="cn.dreamfruits.yaoguo.module.main.message.into.MessageInnerPageActivity"
189-->src/main/AndroidManifest.xml:114:13-78
190            android:exported="false"
190-->src/main/AndroidManifest.xml:115:13-37
191            android:screenOrientation="portrait" />
191-->src/main/AndroidManifest.xml:116:13-49
192        <activity
192-->src/main/AndroidManifest.xml:117:9-120:52
193            android:name="cn.dreamfruits.yaoguo.module.main.home.labeldetails.LabelDetailsActivity"
193-->src/main/AndroidManifest.xml:118:13-79
194            android:exported="false"
194-->src/main/AndroidManifest.xml:119:13-37
195            android:screenOrientation="portrait" />
195-->src/main/AndroidManifest.xml:120:13-49
196        <activity
196-->src/main/AndroidManifest.xml:121:9-124:52
197            android:name="cn.dreamfruits.yaoguo.module.selectclothes.SelectClothesActivity"
197-->src/main/AndroidManifest.xml:122:13-71
198            android:exported="false"
198-->src/main/AndroidManifest.xml:123:13-37
199            android:screenOrientation="portrait" />
199-->src/main/AndroidManifest.xml:124:13-49
200        <activity
200-->src/main/AndroidManifest.xml:125:9-128:52
201            android:name="cn.dreamfruits.yaoguo.module.bindgender.BindGenderActivity"
201-->src/main/AndroidManifest.xml:126:13-65
202            android:exported="false"
202-->src/main/AndroidManifest.xml:127:13-37
203            android:screenOrientation="portrait" />
203-->src/main/AndroidManifest.xml:128:13-49
204        <activity
204-->src/main/AndroidManifest.xml:129:9-134:70
205            android:name="cn.dreamfruits.yaoguo.module.bindphone.BindPhoneActivity"
205-->src/main/AndroidManifest.xml:130:13-63
206            android:exported="false"
206-->src/main/AndroidManifest.xml:131:13-37
207            android:screenOrientation="portrait"
207-->src/main/AndroidManifest.xml:132:13-49
208            android:theme="@style/TranslucentTheme"
208-->src/main/AndroidManifest.xml:133:13-52
209            android:windowSoftInputMode="adjustResize|stateHidden" />
209-->src/main/AndroidManifest.xml:134:13-67
210        <!-- android:theme="@style/Theme.Swipe.Back.NoActionBar" -->
211        <!--  -->
212        <activity
212-->src/main/AndroidManifest.xml:137:9-142:71
213            android:name="cn.dreamfruits.yaoguo.module.main.home.postdetails.PostDetailsActivity"
213-->src/main/AndroidManifest.xml:139:13-77
214            android:exported="false"
214-->src/main/AndroidManifest.xml:140:13-37
215            android:screenOrientation="portrait"
215-->src/main/AndroidManifest.xml:141:13-49
216            android:windowSoftInputMode="adjustNothing|stateHidden" />
216-->src/main/AndroidManifest.xml:142:13-68
217        <activity
217-->src/main/AndroidManifest.xml:143:9-150:55
218            android:name="cn.dreamfruits.yaoguo.module.main.home.vlistvideo.ListVideoActivity"
218-->src/main/AndroidManifest.xml:145:13-74
219            android:configChanges="orientation|keyboardHidden|screenSize"
219-->src/main/AndroidManifest.xml:146:13-74
220            android:exported="false"
220-->src/main/AndroidManifest.xml:147:13-37
221            android:launchMode="singleTop"
221-->src/main/AndroidManifest.xml:148:13-43
222            android:screenOrientation="portrait"
222-->src/main/AndroidManifest.xml:149:13-49
223            android:theme="@style/AppThemeForVideo"
223-->src/main/AndroidManifest.xml:144:13-52
224            android:windowSoftInputMode="adjustPan" />
224-->src/main/AndroidManifest.xml:150:13-52
225        <activity
225-->src/main/AndroidManifest.xml:151:9-154:52
226            android:name="cn.dreamfruits.yaoguo.module.main.home.phonebook.FindUserActivity"
226-->src/main/AndroidManifest.xml:152:13-72
227            android:exported="false"
227-->src/main/AndroidManifest.xml:153:13-37
228            android:screenOrientation="portrait" />
228-->src/main/AndroidManifest.xml:154:13-49
229        <activity
229-->src/main/AndroidManifest.xml:155:9-158:52
230            android:name="cn.dreamfruits.yaoguo.module.main.home.phonebook.QrCodeActivity"
230-->src/main/AndroidManifest.xml:156:13-70
231            android:exported="false"
231-->src/main/AndroidManifest.xml:157:13-37
232            android:screenOrientation="portrait" />
232-->src/main/AndroidManifest.xml:158:13-49
233        <activity
233-->src/main/AndroidManifest.xml:159:9-162:52
234            android:name="cn.dreamfruits.yaoguo.module.main.home.phonebook.ScanQrCodeActivity"
234-->src/main/AndroidManifest.xml:160:13-74
235            android:exported="false"
235-->src/main/AndroidManifest.xml:161:13-37
236            android:screenOrientation="portrait" />
236-->src/main/AndroidManifest.xml:162:13-49
237        <activity
237-->src/main/AndroidManifest.xml:163:9-166:52
238            android:name="cn.dreamfruits.yaoguo.module.main.home.phonebook.PhoneBookActivity"
238-->src/main/AndroidManifest.xml:164:13-73
239            android:exported="false"
239-->src/main/AndroidManifest.xml:165:13-37
240            android:screenOrientation="portrait" />
240-->src/main/AndroidManifest.xml:166:13-49
241        <activity
241-->src/main/AndroidManifest.xml:167:9-172:55
242            android:name="cn.dreamfruits.yaoguo.module.main.MainActivity"
242-->src/main/AndroidManifest.xml:168:13-53
243            android:exported="false"
243-->src/main/AndroidManifest.xml:169:13-37
244            android:launchMode="singleTask"
244-->src/main/AndroidManifest.xml:171:13-44
245            android:screenOrientation="portrait"
245-->src/main/AndroidManifest.xml:170:13-49
246            android:windowSoftInputMode="adjustPan" />
246-->src/main/AndroidManifest.xml:172:13-52
247        <activity
247-->src/main/AndroidManifest.xml:173:9-176:52
248            android:name="cn.dreamfruits.yaoguo.module.login.LoginActivity"
248-->src/main/AndroidManifest.xml:174:13-55
249            android:exported="false"
249-->src/main/AndroidManifest.xml:175:13-37
250            android:screenOrientation="portrait" />
250-->src/main/AndroidManifest.xml:176:13-49
251        <activity
251-->src/main/AndroidManifest.xml:177:9-180:52
252            android:name="cn.dreamfruits.yaoguo.module.main.home.searchhistory.HomeSearchHistoryActivity"
252-->src/main/AndroidManifest.xml:178:13-85
253            android:exported="false"
253-->src/main/AndroidManifest.xml:179:13-37
254            android:screenOrientation="portrait" />
254-->src/main/AndroidManifest.xml:180:13-49
255        <activity
255-->src/main/AndroidManifest.xml:181:9-184:52
256            android:name="cn.dreamfruits.yaoguo.module.main.home.searchdetails.HomeSearchDetailsActivity"
256-->src/main/AndroidManifest.xml:182:13-85
257            android:exported="false"
257-->src/main/AndroidManifest.xml:183:13-37
258            android:screenOrientation="portrait" />
258-->src/main/AndroidManifest.xml:184:13-49
259        <activity
259-->src/main/AndroidManifest.xml:185:9-188:52
260            android:name="cn.dreamfruits.yaoguo.module.main.stroll.inner.StrollStyleListActivity"
260-->src/main/AndroidManifest.xml:186:13-77
261            android:exported="false"
261-->src/main/AndroidManifest.xml:187:13-37
262            android:screenOrientation="portrait" />
262-->src/main/AndroidManifest.xml:188:13-49
263        <activity
263-->src/main/AndroidManifest.xml:189:9-192:52
264            android:name="cn.dreamfruits.yaoguo.module.main.diy.threelevel.DiyThreeGradeActivity"
264-->src/main/AndroidManifest.xml:190:13-77
265            android:exported="false"
265-->src/main/AndroidManifest.xml:191:13-37
266            android:screenOrientation="portrait" />
266-->src/main/AndroidManifest.xml:192:13-49
267        <activity
267-->src/main/AndroidManifest.xml:193:9-196:52
268            android:name="cn.dreamfruits.yaoguo.module.main.stroll.inner.singledetails.SingleDetailsActivity"
268-->src/main/AndroidManifest.xml:194:13-89
269            android:exported="false"
269-->src/main/AndroidManifest.xml:195:13-37
270            android:screenOrientation="portrait" />
270-->src/main/AndroidManifest.xml:196:13-49
271        <activity
271-->src/main/AndroidManifest.xml:117:9-120:52
272            android:name="cn.dreamfruits.yaoguo.module.main.home.labeldetails.LabelDetailsActivity"
272-->src/main/AndroidManifest.xml:118:13-79
273            android:exported="false"
273-->src/main/AndroidManifest.xml:119:13-37
274            android:screenOrientation="portrait" />
274-->src/main/AndroidManifest.xml:120:13-49
275        <activity
275-->src/main/AndroidManifest.xml:202:9-211:20
276            android:name="cn.dreamfruits.yaoguo.module.splash.SplashActivity"
276-->src/main/AndroidManifest.xml:203:13-57
277            android:exported="true"
277-->src/main/AndroidManifest.xml:204:13-36
278            android:screenOrientation="portrait" >
278-->src/main/AndroidManifest.xml:205:13-49
279            <intent-filter>
279-->src/main/AndroidManifest.xml:206:13-210:29
280                <action android:name="android.intent.action.MAIN" />
280-->src/main/AndroidManifest.xml:207:17-69
280-->src/main/AndroidManifest.xml:207:25-66
281
282                <category android:name="android.intent.category.LAUNCHER" />
282-->src/main/AndroidManifest.xml:209:17-77
282-->src/main/AndroidManifest.xml:209:27-74
283            </intent-filter>
284        </activity> <!-- App的一些全局配置 -->
285        <meta-data
285-->src/main/AndroidManifest.xml:212:9-214:44
286            android:name="cn.dreamfruits.yaoguo.application.AppConfig"
286-->src/main/AndroidManifest.xml:213:13-71
287            android:value="ConfigModule" />
287-->src/main/AndroidManifest.xml:214:13-41
288        <meta-data
288-->src/main/AndroidManifest.xml:215:9-217:64
289            android:name="com.amap.api.v2.apikey"
289-->src/main/AndroidManifest.xml:216:13-50
290            android:value="e5e6a7105b86e15ec4b7a7476599e93a" /> <!-- 联通电信授权页 -->
290-->src/main/AndroidManifest.xml:217:13-61
291        <!-- 如果不需要使用窗口模式，不要使用authsdk_activity_dialog主题，会出现异常动画 -->
292        <!--
293            如果需要使用authsdk_activity_dialog主题，则screenOrientation一定不能指定明确的方向，
294            比如portrait、sensorPortrait，在8.0的系统上不允许窗口模式指定orientation，会发生Crash，需要指定为behind，
295            然后在授权页的前一个页面指定具体的orientation
296        -->
297        <activity
297-->src/main/AndroidManifest.xml:224:9-229:62